<?xml version="1.0" encoding="UTF-8"?>
<!-- Generated by org.testng.reporters.JUnitReportReporter -->
<testsuite hostname="LAPTOP-JUVI8IL4" failures="0" tests="1" name="NewTest" time="0.013" errors="0" timestamp="09 Mar 2018 03:43:43 GMT" skipped="0">
  <testcase classname="NewTest" name="f" time="0.013"/>
</testsuite> <!-- NewTest -->
