<?xml version="1.0" encoding="UTF-8"?>
<!-- Generated by org.testng.reporters.JUnitReportReporter -->
<testsuite hostname="LAPTOP-JUVI8IL4" failures="0" tests="1" name="Sampleprogs.Demo2" time="6.883" errors="0" timestamp="17 Mar 2018 06:24:46 GMT" skipped="0">
  <testcase classname="Sampleprogs.Demo2" name="flipkartlogin" time="6.883"/>
</testsuite> <!-- Sampleprogs.Demo2 -->
