<?xml version="1.0" encoding="UTF-8"?>
<!-- Generated by org.testng.reporters.JUnitReportReporter -->
<testsuite hostname="LAPTOP-JUVI8IL4" failures="0" tests="1" name="SeleniumTestTest" time="8.557" errors="0" timestamp="17 Mar 2018 05:30:22 GMT" skipped="0">
  <testcase classname="SeleniumTestTest" name="main" time="8.557"/>
</testsuite> <!-- SeleniumTestTest -->
