<?xml version="1.0" encoding="UTF-8"?>
<!-- Generated by org.testng.reporters.JUnitReportReporter -->
<testsuite hostname="LAPTOP-JUVI8IL4" failures="0" tests="1" name="Sampleprogs.FlipkartTestng" time="0.013" errors="0" timestamp="17 Mar 2018 05:56:07 GMT" skipped="0">
  <testcase classname="Sampleprogs.FlipkartTestng" name="openbrowser" time="0.013"/>
</testsuite> <!-- Sampleprogs.FlipkartTestng -->
